CRITICAL - 2026-03-08 12:35:26 --> CodeIgniter\View\Exceptions\ViewException: Invalid file: "produk/tambah.php"
[Method: GET, Route: produk/tambah]
in SYSTEMPATH\Exceptions\FrameworkException.php on line 39.
 1 SYSTEMPATH\View\View.php(226): CodeIgniter\Exceptions\FrameworkException::forInvalidFile('produk/tambah.php')
 2 SYSTEMPATH\Common.php(1250): CodeIgniter\View\View->render('produk/tambah', [], true)
 3 APPPATH\Controllers\Produk.php(23): view('produk/tambah')
 4 SYSTEMPATH\CodeIgniter.php(951): App\Controllers\Produk->tambah()
 5 SYSTEMPATH\CodeIgniter.php(497): CodeIgniter\CodeIgniter->runController(Object(App\Controllers\Produk))
 6 SYSTEMPATH\CodeIgniter.php(340): CodeIgniter\CodeIgniter->handleRequest(null, Object(Config\Cache), false)
 7 SYSTEMPATH\Boot.php(417): CodeIgniter\CodeIgniter->run()
 8 SYSTEMPATH\Boot.php(68): CodeIgniter\Boot::runCodeIgniter(Object(CodeIgniter\CodeIgniter))
 9 FCPATH\index.php(59): CodeIgniter\Boot::bootWeb(Object(Config\Paths))
10 SYSTEMPATH\rewrite.php(44): require_once('C:\\xampp\\htdocs\\jamu-monitoring\\public\\index.php')
CRITICAL - 2026-03-08 12:35:30 --> CodeIgniter\View\Exceptions\ViewException: Invalid file: "produk/tambah.php"
[Method: GET, Route: produk/tambah]
in SYSTEMPATH\Exceptions\FrameworkException.php on line 39.
 1 SYSTEMPATH\View\View.php(226): CodeIgniter\Exceptions\FrameworkException::forInvalidFile('produk/tambah.php')
 2 SYSTEMPATH\Common.php(1250): CodeIgniter\View\View->render('produk/tambah', [], true)
 3 APPPATH\Controllers\Produk.php(23): view('produk/tambah')
 4 SYSTEMPATH\CodeIgniter.php(951): App\Controllers\Produk->tambah()
 5 SYSTEMPATH\CodeIgniter.php(497): CodeIgniter\CodeIgniter->runController(Object(App\Controllers\Produk))
 6 SYSTEMPATH\CodeIgniter.php(340): CodeIgniter\CodeIgniter->handleRequest(null, Object(Config\Cache), false)
 7 SYSTEMPATH\Boot.php(417): CodeIgniter\CodeIgniter->run()
 8 SYSTEMPATH\Boot.php(68): CodeIgniter\Boot::runCodeIgniter(Object(CodeIgniter\CodeIgniter))
 9 FCPATH\index.php(59): CodeIgniter\Boot::bootWeb(Object(Config\Paths))
10 SYSTEMPATH\rewrite.php(44): require_once('C:\\xampp\\htdocs\\jamu-monitoring\\public\\index.php')
CRITICAL - 2026-03-08 12:39:58 --> CodeIgniter\View\Exceptions\ViewException: Invalid file: "produk/tambah.php"
[Method: GET, Route: produk/tambah]
in SYSTEMPATH\Exceptions\FrameworkException.php on line 39.
 1 SYSTEMPATH\View\View.php(226): CodeIgniter\Exceptions\FrameworkException::forInvalidFile('produk/tambah.php')
 2 SYSTEMPATH\Common.php(1250): CodeIgniter\View\View->render('produk/tambah', [], true)
 3 APPPATH\Controllers\Produk.php(23): view('produk/tambah')
 4 SYSTEMPATH\CodeIgniter.php(951): App\Controllers\Produk->tambah()
 5 SYSTEMPATH\CodeIgniter.php(497): CodeIgniter\CodeIgniter->runController(Object(App\Controllers\Produk))
 6 SYSTEMPATH\CodeIgniter.php(340): CodeIgniter\CodeIgniter->handleRequest(null, Object(Config\Cache), false)
 7 SYSTEMPATH\Boot.php(417): CodeIgniter\CodeIgniter->run()
 8 SYSTEMPATH\Boot.php(68): CodeIgniter\Boot::runCodeIgniter(Object(CodeIgniter\CodeIgniter))
 9 FCPATH\index.php(59): CodeIgniter\Boot::bootWeb(Object(Config\Paths))
10 SYSTEMPATH\rewrite.php(44): require_once('C:\\xampp\\htdocs\\jamu-monitoring\\public\\index.php')
CRITICAL - 2026-03-08 12:52:22 --> ErrorException: Undefined variable $penjualan
[Method: GET, Route: franchise]
in APPPATH\Views\franchise\index.php on line 37.
 1 APPPATH\Views\franchise\index.php(37): CodeIgniter\Debug\Exceptions->errorHandler(2, 'Undefined variable $penjualan', 'C:\\xampp\\htdocs\\jamu-monitoring\\app\\Views\\franchise\\index.php', 37)
 2 SYSTEMPATH\View\View.php(238): include('C:\\xampp\\htdocs\\jamu-monitoring\\app\\Views\\franchise\\index.php')
 3 SYSTEMPATH\View\View.php(241): CodeIgniter\View\View->CodeIgniter\View\{closure}()
 4 SYSTEMPATH\Common.php(1250): CodeIgniter\View\View->render('franchise/index', [], true)
 5 APPPATH\Controllers\Franchise.php(16): view('franchise/index', [...])
 6 SYSTEMPATH\CodeIgniter.php(951): App\Controllers\Franchise->index()
 7 SYSTEMPATH\CodeIgniter.php(497): CodeIgniter\CodeIgniter->runController(Object(App\Controllers\Franchise))
 8 SYSTEMPATH\CodeIgniter.php(340): CodeIgniter\CodeIgniter->handleRequest(null, Object(Config\Cache), false)
 9 SYSTEMPATH\Boot.php(417): CodeIgniter\CodeIgniter->run()
10 SYSTEMPATH\Boot.php(68): CodeIgniter\Boot::runCodeIgniter(Object(CodeIgniter\CodeIgniter))
11 FCPATH\index.php(59): CodeIgniter\Boot::bootWeb(Object(Config\Paths))
12 SYSTEMPATH\rewrite.php(44): require_once('C:\\xampp\\htdocs\\jamu-monitoring\\public\\index.php')
CRITICAL - 2026-03-08 12:52:23 --> ErrorException: Undefined variable $penjualan
[Method: GET, Route: franchise]
in APPPATH\Views\franchise\index.php on line 37.
 1 APPPATH\Views\franchise\index.php(37): CodeIgniter\Debug\Exceptions->errorHandler(2, 'Undefined variable $penjualan', 'C:\\xampp\\htdocs\\jamu-monitoring\\app\\Views\\franchise\\index.php', 37)
 2 SYSTEMPATH\View\View.php(238): include('C:\\xampp\\htdocs\\jamu-monitoring\\app\\Views\\franchise\\index.php')
 3 SYSTEMPATH\View\View.php(241): CodeIgniter\View\View->CodeIgniter\View\{closure}()
 4 SYSTEMPATH\Common.php(1250): CodeIgniter\View\View->render('franchise/index', [], true)
 5 APPPATH\Controllers\Franchise.php(16): view('franchise/index', [...])
 6 SYSTEMPATH\CodeIgniter.php(951): App\Controllers\Franchise->index()
 7 SYSTEMPATH\CodeIgniter.php(497): CodeIgniter\CodeIgniter->runController(Object(App\Controllers\Franchise))
 8 SYSTEMPATH\CodeIgniter.php(340): CodeIgniter\CodeIgniter->handleRequest(null, Object(Config\Cache), false)
 9 SYSTEMPATH\Boot.php(417): CodeIgniter\CodeIgniter->run()
10 SYSTEMPATH\Boot.php(68): CodeIgniter\Boot::runCodeIgniter(Object(CodeIgniter\CodeIgniter))
11 FCPATH\index.php(59): CodeIgniter\Boot::bootWeb(Object(Config\Paths))
12 SYSTEMPATH\rewrite.php(44): require_once('C:\\xampp\\htdocs\\jamu-monitoring\\public\\index.php')
CRITICAL - 2026-03-08 12:52:35 --> ErrorException: Undefined variable $penjualan
[Method: GET, Route: franchise]
in APPPATH\Views\franchise\index.php on line 37.
 1 APPPATH\Views\franchise\index.php(37): CodeIgniter\Debug\Exceptions->errorHandler(2, 'Undefined variable $penjualan', 'C:\\xampp\\htdocs\\jamu-monitoring\\app\\Views\\franchise\\index.php', 37)
 2 SYSTEMPATH\View\View.php(238): include('C:\\xampp\\htdocs\\jamu-monitoring\\app\\Views\\franchise\\index.php')
 3 SYSTEMPATH\View\View.php(241): CodeIgniter\View\View->CodeIgniter\View\{closure}()
 4 SYSTEMPATH\Common.php(1250): CodeIgniter\View\View->render('franchise/index', [], true)
 5 APPPATH\Controllers\Franchise.php(16): view('franchise/index', [...])
 6 SYSTEMPATH\CodeIgniter.php(951): App\Controllers\Franchise->index()
 7 SYSTEMPATH\CodeIgniter.php(497): CodeIgniter\CodeIgniter->runController(Object(App\Controllers\Franchise))
 8 SYSTEMPATH\CodeIgniter.php(340): CodeIgniter\CodeIgniter->handleRequest(null, Object(Config\Cache), false)
 9 SYSTEMPATH\Boot.php(417): CodeIgniter\CodeIgniter->run()
10 SYSTEMPATH\Boot.php(68): CodeIgniter\Boot::runCodeIgniter(Object(CodeIgniter\CodeIgniter))
11 FCPATH\index.php(59): CodeIgniter\Boot::bootWeb(Object(Config\Paths))
12 SYSTEMPATH\rewrite.php(44): require_once('C:\\xampp\\htdocs\\jamu-monitoring\\public\\index.php')
CRITICAL - 2026-03-08 12:52:36 --> ErrorException: Undefined variable $penjualan
[Method: GET, Route: franchise]
in APPPATH\Views\franchise\index.php on line 37.
 1 APPPATH\Views\franchise\index.php(37): CodeIgniter\Debug\Exceptions->errorHandler(2, 'Undefined variable $penjualan', 'C:\\xampp\\htdocs\\jamu-monitoring\\app\\Views\\franchise\\index.php', 37)
 2 SYSTEMPATH\View\View.php(238): include('C:\\xampp\\htdocs\\jamu-monitoring\\app\\Views\\franchise\\index.php')
 3 SYSTEMPATH\View\View.php(241): CodeIgniter\View\View->CodeIgniter\View\{closure}()
 4 SYSTEMPATH\Common.php(1250): CodeIgniter\View\View->render('franchise/index', [], true)
 5 APPPATH\Controllers\Franchise.php(16): view('franchise/index', [...])
 6 SYSTEMPATH\CodeIgniter.php(951): App\Controllers\Franchise->index()
 7 SYSTEMPATH\CodeIgniter.php(497): CodeIgniter\CodeIgniter->runController(Object(App\Controllers\Franchise))
 8 SYSTEMPATH\CodeIgniter.php(340): CodeIgniter\CodeIgniter->handleRequest(null, Object(Config\Cache), false)
 9 SYSTEMPATH\Boot.php(417): CodeIgniter\CodeIgniter->run()
10 SYSTEMPATH\Boot.php(68): CodeIgniter\Boot::runCodeIgniter(Object(CodeIgniter\CodeIgniter))
11 FCPATH\index.php(59): CodeIgniter\Boot::bootWeb(Object(Config\Paths))
12 SYSTEMPATH\rewrite.php(44): require_once('C:\\xampp\\htdocs\\jamu-monitoring\\public\\index.php')
CRITICAL - 2026-03-08 13:01:48 --> CodeIgniter\View\Exceptions\ViewException: Invalid file: "produk/tambah.php"
[Method: GET, Route: produk/tambah]
in SYSTEMPATH\Exceptions\FrameworkException.php on line 39.
 1 SYSTEMPATH\View\View.php(226): CodeIgniter\Exceptions\FrameworkException::forInvalidFile('produk/tambah.php')
 2 SYSTEMPATH\Common.php(1250): CodeIgniter\View\View->render('produk/tambah', [], true)
 3 APPPATH\Controllers\Produk.php(23): view('produk/tambah')
 4 SYSTEMPATH\CodeIgniter.php(951): App\Controllers\Produk->tambah()
 5 SYSTEMPATH\CodeIgniter.php(497): CodeIgniter\CodeIgniter->runController(Object(App\Controllers\Produk))
 6 SYSTEMPATH\CodeIgniter.php(340): CodeIgniter\CodeIgniter->handleRequest(null, Object(Config\Cache), false)
 7 SYSTEMPATH\Boot.php(417): CodeIgniter\CodeIgniter->run()
 8 SYSTEMPATH\Boot.php(68): CodeIgniter\Boot::runCodeIgniter(Object(CodeIgniter\CodeIgniter))
 9 FCPATH\index.php(59): CodeIgniter\Boot::bootWeb(Object(Config\Paths))
10 SYSTEMPATH\rewrite.php(44): require_once('C:\\xampp\\htdocs\\jamu-monitoring\\public\\index.php')
CRITICAL - 2026-03-08 13:19:28 --> CodeIgniter\View\Exceptions\ViewException: Invalid file: "produk/tambah.php"
[Method: GET, Route: produk/tambah]
in SYSTEMPATH\Exceptions\FrameworkException.php on line 39.
 1 SYSTEMPATH\View\View.php(226): CodeIgniter\Exceptions\FrameworkException::forInvalidFile('produk/tambah.php')
 2 SYSTEMPATH\Common.php(1250): CodeIgniter\View\View->render('produk/tambah', [], true)
 3 APPPATH\Controllers\Produk.php(23): view('produk/tambah')
 4 SYSTEMPATH\CodeIgniter.php(951): App\Controllers\Produk->tambah()
 5 SYSTEMPATH\CodeIgniter.php(497): CodeIgniter\CodeIgniter->runController(Object(App\Controllers\Produk))
 6 SYSTEMPATH\CodeIgniter.php(340): CodeIgniter\CodeIgniter->handleRequest(null, Object(Config\Cache), false)
 7 SYSTEMPATH\Boot.php(417): CodeIgniter\CodeIgniter->run()
 8 SYSTEMPATH\Boot.php(68): CodeIgniter\Boot::runCodeIgniter(Object(CodeIgniter\CodeIgniter))
 9 FCPATH\index.php(59): CodeIgniter\Boot::bootWeb(Object(Config\Paths))
10 SYSTEMPATH\rewrite.php(44): require_once('C:\\xampp\\htdocs\\jamu-monitoring\\public\\index.php')
CRITICAL - 2026-03-08 14:16:31 --> CodeIgniter\View\Exceptions\ViewException: Invalid file: "produk/tambah.php"
[Method: GET, Route: produk/tambah]
in SYSTEMPATH\Exceptions\FrameworkException.php on line 39.
 1 SYSTEMPATH\View\View.php(226): CodeIgniter\Exceptions\FrameworkException::forInvalidFile('produk/tambah.php')
 2 SYSTEMPATH\Common.php(1250): CodeIgniter\View\View->render('produk/tambah', [], true)
 3 APPPATH\Controllers\Produk.php(24): view('produk/tambah')
 4 SYSTEMPATH\CodeIgniter.php(951): App\Controllers\Produk->tambah()
 5 SYSTEMPATH\CodeIgniter.php(497): CodeIgniter\CodeIgniter->runController(Object(App\Controllers\Produk))
 6 SYSTEMPATH\CodeIgniter.php(340): CodeIgniter\CodeIgniter->handleRequest(null, Object(Config\Cache), false)
 7 SYSTEMPATH\Boot.php(417): CodeIgniter\CodeIgniter->run()
 8 SYSTEMPATH\Boot.php(68): CodeIgniter\Boot::runCodeIgniter(Object(CodeIgniter\CodeIgniter))
 9 FCPATH\index.php(59): CodeIgniter\Boot::bootWeb(Object(Config\Paths))
10 SYSTEMPATH\rewrite.php(44): require_once('C:\\xampp\\htdocs\\jamu-monitoring\\public\\index.php')
ERROR - 2026-03-08 14:26:45 --> Error connecting to the database: mysqli_sql_exception: No connection could be made because the target machine actively refused it in C:\xampp\htdocs\jamu-monitoring\system\Database\MySQLi\Connection.php:201
Stack trace:
#0 C:\xampp\htdocs\jamu-monitoring\system\Database\MySQLi\Connection.php(201): mysqli->real_connect('localhost', 'root', Object(SensitiveParameterValue), 'jamu_franchise', 3306, '', 0)
#1 C:\xampp\htdocs\jamu-monitoring\system\Database\BaseConnection.php(419): CodeIgniter\Database\MySQLi\Connection->connect(false)
#2 C:\xampp\htdocs\jamu-monitoring\system\Database\BaseConnection.php(654): CodeIgniter\Database\BaseConnection->initialize()
#3 C:\xampp\htdocs\jamu-monitoring\system\Database\BaseBuilder.php(1649): CodeIgniter\Database\BaseConnection->query('SELECT *\nFROM `...', Array, false)
#4 C:\xampp\htdocs\jamu-monitoring\system\Model.php(254): CodeIgniter\Database\BaseBuilder->get()
#5 C:\xampp\htdocs\jamu-monitoring\system\BaseModel.php(675): CodeIgniter\Model->doFindAll(0, 0)
#6 C:\xampp\htdocs\jamu-monitoring\app\Controllers\Dashboard.php(20): CodeIgniter\BaseModel->findAll()
#7 C:\xampp\htdocs\jamu-monitoring\system\CodeIgniter.php(951): App\Controllers\Dashboard->index()
#8 C:\xampp\htdocs\jamu-monitoring\system\CodeIgniter.php(497): CodeIgniter\CodeIgniter->runController(Object(App\Controllers\Dashboard))
#9 C:\xampp\htdocs\jamu-monitoring\system\CodeIgniter.php(340): CodeIgniter\CodeIgniter->handleRequest(NULL, Object(Config\Cache), false)
#10 C:\xampp\htdocs\jamu-monitoring\system\Boot.php(417): CodeIgniter\CodeIgniter->run()
#11 C:\xampp\htdocs\jamu-monitoring\system\Boot.php(68): CodeIgniter\Boot::runCodeIgniter(Object(CodeIgniter\CodeIgniter))
#12 C:\xampp\htdocs\jamu-monitoring\public\index.php(59): CodeIgniter\Boot::bootWeb(Object(Config\Paths))
#13 C:\xampp\htdocs\jamu-monitoring\system\rewrite.php(44): require_once('C:\\xampp\\htdocs...')
#14 {main}

Next CodeIgniter\Database\Exceptions\DatabaseException: No connection could be made because the target machine actively refused it in C:\xampp\htdocs\jamu-monitoring\system\Database\MySQLi\Connection.php:231
Stack trace:
#0 C:\xampp\htdocs\jamu-monitoring\system\Database\BaseConnection.php(419): CodeIgniter\Database\MySQLi\Connection->connect(false)
#1 C:\xampp\htdocs\jamu-monitoring\system\Database\BaseConnection.php(654): CodeIgniter\Database\BaseConnection->initialize()
#2 C:\xampp\htdocs\jamu-monitoring\system\Database\BaseBuilder.php(1649): CodeIgniter\Database\BaseConnection->query('SELECT *\nFROM `...', Array, false)
#3 C:\xampp\htdocs\jamu-monitoring\system\Model.php(254): CodeIgniter\Database\BaseBuilder->get()
#4 C:\xampp\htdocs\jamu-monitoring\system\BaseModel.php(675): CodeIgniter\Model->doFindAll(0, 0)
#5 C:\xampp\htdocs\jamu-monitoring\app\Controllers\Dashboard.php(20): CodeIgniter\BaseModel->findAll()
#6 C:\xampp\htdocs\jamu-monitoring\system\CodeIgniter.php(951): App\Controllers\Dashboard->index()
#7 C:\xampp\htdocs\jamu-monitoring\system\CodeIgniter.php(497): CodeIgniter\CodeIgniter->runController(Object(App\Controllers\Dashboard))
#8 C:\xampp\htdocs\jamu-monitoring\system\CodeIgniter.php(340): CodeIgniter\CodeIgniter->handleRequest(NULL, Object(Config\Cache), false)
#9 C:\xampp\htdocs\jamu-monitoring\system\Boot.php(417): CodeIgniter\CodeIgniter->run()
#10 C:\xampp\htdocs\jamu-monitoring\system\Boot.php(68): CodeIgniter\Boot::runCodeIgniter(Object(CodeIgniter\CodeIgniter))
#11 C:\xampp\htdocs\jamu-monitoring\public\index.php(59): CodeIgniter\Boot::bootWeb(Object(Config\Paths))
#12 C:\xampp\htdocs\jamu-monitoring\system\rewrite.php(44): require_once('C:\\xampp\\htdocs...')
#13 {main}
CRITICAL - 2026-03-08 14:26:45 --> CodeIgniter\Database\Exceptions\DatabaseException: Unable to connect to the database.
Main connection [MySQLi]: No connection could be made because the target machine actively refused it
[Method: GET, Route: /]
in SYSTEMPATH\Database\BaseConnection.php on line 465.
 1 SYSTEMPATH\Database\BaseConnection.php(654): CodeIgniter\Database\BaseConnection->initialize()
 2 SYSTEMPATH\Database\BaseBuilder.php(1649): CodeIgniter\Database\BaseConnection->query('SELECT *
FROM `penjualan`', [], false)
 3 SYSTEMPATH\Model.php(254): CodeIgniter\Database\BaseBuilder->get()
 4 SYSTEMPATH\BaseModel.php(675): CodeIgniter\Model->doFindAll(0, 0)
 5 APPPATH\Controllers\Dashboard.php(20): CodeIgniter\BaseModel->findAll()
 6 SYSTEMPATH\CodeIgniter.php(951): App\Controllers\Dashboard->index()
 7 SYSTEMPATH\CodeIgniter.php(497): CodeIgniter\CodeIgniter->runController(Object(App\Controllers\Dashboard))
 8 SYSTEMPATH\CodeIgniter.php(340): CodeIgniter\CodeIgniter->handleRequest(null, Object(Config\Cache), false)
 9 SYSTEMPATH\Boot.php(417): CodeIgniter\CodeIgniter->run()
10 SYSTEMPATH\Boot.php(68): CodeIgniter\Boot::runCodeIgniter(Object(CodeIgniter\CodeIgniter))
11 FCPATH\index.php(59): CodeIgniter\Boot::bootWeb(Object(Config\Paths))
12 SYSTEMPATH\rewrite.php(44): require_once('C:\\xampp\\htdocs\\jamu-monitoring\\public\\index.php')
CRITICAL - 2026-03-08 14:27:37 --> CodeIgniter\View\Exceptions\ViewException: Invalid file: "produk/tambah.php"
[Method: GET, Route: produk/tambah]
in SYSTEMPATH\Exceptions\FrameworkException.php on line 39.
 1 SYSTEMPATH\View\View.php(226): CodeIgniter\Exceptions\FrameworkException::forInvalidFile('produk/tambah.php')
 2 SYSTEMPATH\Common.php(1250): CodeIgniter\View\View->render('produk/tambah', [], true)
 3 APPPATH\Controllers\Produk.php(24): view('produk/tambah')
 4 SYSTEMPATH\CodeIgniter.php(951): App\Controllers\Produk->tambah()
 5 SYSTEMPATH\CodeIgniter.php(497): CodeIgniter\CodeIgniter->runController(Object(App\Controllers\Produk))
 6 SYSTEMPATH\CodeIgniter.php(340): CodeIgniter\CodeIgniter->handleRequest(null, Object(Config\Cache), false)
 7 SYSTEMPATH\Boot.php(417): CodeIgniter\CodeIgniter->run()
 8 SYSTEMPATH\Boot.php(68): CodeIgniter\Boot::runCodeIgniter(Object(CodeIgniter\CodeIgniter))
 9 FCPATH\index.php(59): CodeIgniter\Boot::bootWeb(Object(Config\Paths))
10 SYSTEMPATH\rewrite.php(44): require_once('C:\\xampp\\htdocs\\jamu-monitoring\\public\\index.php')
CRITICAL - 2026-03-08 14:28:17 --> CodeIgniter\View\Exceptions\ViewException: Invalid file: "produk/tambah.php"
[Method: GET, Route: produk/tambah]
in SYSTEMPATH\Exceptions\FrameworkException.php on line 39.
 1 SYSTEMPATH\View\View.php(226): CodeIgniter\Exceptions\FrameworkException::forInvalidFile('produk/tambah.php')
 2 SYSTEMPATH\Common.php(1250): CodeIgniter\View\View->render('produk/tambah', [], true)
 3 APPPATH\Controllers\Produk.php(24): view('produk/tambah')
 4 SYSTEMPATH\CodeIgniter.php(951): App\Controllers\Produk->tambah()
 5 SYSTEMPATH\CodeIgniter.php(497): CodeIgniter\CodeIgniter->runController(Object(App\Controllers\Produk))
 6 SYSTEMPATH\CodeIgniter.php(340): CodeIgniter\CodeIgniter->handleRequest(null, Object(Config\Cache), false)
 7 SYSTEMPATH\Boot.php(417): CodeIgniter\CodeIgniter->run()
 8 SYSTEMPATH\Boot.php(68): CodeIgniter\Boot::runCodeIgniter(Object(CodeIgniter\CodeIgniter))
 9 FCPATH\index.php(59): CodeIgniter\Boot::bootWeb(Object(Config\Paths))
10 SYSTEMPATH\rewrite.php(44): require_once('C:\\xampp\\htdocs\\jamu-monitoring\\public\\index.php')
CRITICAL - 2026-03-08 14:42:22 --> CodeIgniter\Database\Exceptions\DatabaseException: You must set the database table to be used with your query.
[Method: GET, Route: produk]
in SYSTEMPATH\Database\BaseConnection.php on line 984.
 1 SYSTEMPATH\Model.php(598): CodeIgniter\Database\BaseConnection->table(null)
 2 SYSTEMPATH\Model.php(241): CodeIgniter\Model->builder()
 3 SYSTEMPATH\BaseModel.php(675): CodeIgniter\Model->doFindAll(0, 0)
 4 APPPATH\Controllers\Produk.php(15): CodeIgniter\BaseModel->findAll()
 5 SYSTEMPATH\CodeIgniter.php(951): App\Controllers\Produk->index()
 6 SYSTEMPATH\CodeIgniter.php(497): CodeIgniter\CodeIgniter->runController(Object(App\Controllers\Produk))
 7 SYSTEMPATH\CodeIgniter.php(340): CodeIgniter\CodeIgniter->handleRequest(null, Object(Config\Cache), false)
 8 SYSTEMPATH\Boot.php(417): CodeIgniter\CodeIgniter->run()
 9 SYSTEMPATH\Boot.php(68): CodeIgniter\Boot::runCodeIgniter(Object(CodeIgniter\CodeIgniter))
10 FCPATH\index.php(59): CodeIgniter\Boot::bootWeb(Object(Config\Paths))
11 SYSTEMPATH\rewrite.php(44): require_once('C:\\xampp\\htdocs\\jamu-monitoring\\public\\index.php')
CRITICAL - 2026-03-08 14:42:24 --> CodeIgniter\Database\Exceptions\DatabaseException: You must set the database table to be used with your query.
[Method: GET, Route: produk]
in SYSTEMPATH\Database\BaseConnection.php on line 984.
 1 SYSTEMPATH\Model.php(598): CodeIgniter\Database\BaseConnection->table(null)
 2 SYSTEMPATH\Model.php(241): CodeIgniter\Model->builder()
 3 SYSTEMPATH\BaseModel.php(675): CodeIgniter\Model->doFindAll(0, 0)
 4 APPPATH\Controllers\Produk.php(15): CodeIgniter\BaseModel->findAll()
 5 SYSTEMPATH\CodeIgniter.php(951): App\Controllers\Produk->index()
 6 SYSTEMPATH\CodeIgniter.php(497): CodeIgniter\CodeIgniter->runController(Object(App\Controllers\Produk))
 7 SYSTEMPATH\CodeIgniter.php(340): CodeIgniter\CodeIgniter->handleRequest(null, Object(Config\Cache), false)
 8 SYSTEMPATH\Boot.php(417): CodeIgniter\CodeIgniter->run()
 9 SYSTEMPATH\Boot.php(68): CodeIgniter\Boot::runCodeIgniter(Object(CodeIgniter\CodeIgniter))
10 FCPATH\index.php(59): CodeIgniter\Boot::bootWeb(Object(Config\Paths))
11 SYSTEMPATH\rewrite.php(44): require_once('C:\\xampp\\htdocs\\jamu-monitoring\\public\\index.php')
CRITICAL - 2026-03-08 14:47:10 --> CodeIgniter\Database\Exceptions\DatabaseException: You must set the database table to be used with your query.
[Method: GET, Route: produk]
in SYSTEMPATH\Database\BaseConnection.php on line 984.
 1 SYSTEMPATH\Model.php(598): CodeIgniter\Database\BaseConnection->table(null)
 2 SYSTEMPATH\Model.php(241): CodeIgniter\Model->builder()
 3 SYSTEMPATH\BaseModel.php(675): CodeIgniter\Model->doFindAll(0, 0)
 4 APPPATH\Controllers\Produk.php(15): CodeIgniter\BaseModel->findAll()
 5 SYSTEMPATH\CodeIgniter.php(951): App\Controllers\Produk->index()
 6 SYSTEMPATH\CodeIgniter.php(497): CodeIgniter\CodeIgniter->runController(Object(App\Controllers\Produk))
 7 SYSTEMPATH\CodeIgniter.php(340): CodeIgniter\CodeIgniter->handleRequest(null, Object(Config\Cache), false)
 8 SYSTEMPATH\Boot.php(417): CodeIgniter\CodeIgniter->run()
 9 SYSTEMPATH\Boot.php(68): CodeIgniter\Boot::runCodeIgniter(Object(CodeIgniter\CodeIgniter))
10 FCPATH\index.php(59): CodeIgniter\Boot::bootWeb(Object(Config\Paths))
11 SYSTEMPATH\rewrite.php(44): require_once('C:\\xampp\\htdocs\\jamu-monitoring\\public\\index.php')
CRITICAL - 2026-03-08 14:49:38 --> CodeIgniter\Database\Exceptions\DatabaseException: You must set the database table to be used with your query.
[Method: GET, Route: produk]
in SYSTEMPATH\Database\BaseConnection.php on line 984.
 1 SYSTEMPATH\Model.php(598): CodeIgniter\Database\BaseConnection->table(null)
 2 SYSTEMPATH\Model.php(241): CodeIgniter\Model->builder()
 3 SYSTEMPATH\BaseModel.php(675): CodeIgniter\Model->doFindAll(0, 0)
 4 APPPATH\Controllers\Produk.php(15): CodeIgniter\BaseModel->findAll()
 5 SYSTEMPATH\CodeIgniter.php(951): App\Controllers\Produk->index()
 6 SYSTEMPATH\CodeIgniter.php(497): CodeIgniter\CodeIgniter->runController(Object(App\Controllers\Produk))
 7 SYSTEMPATH\CodeIgniter.php(340): CodeIgniter\CodeIgniter->handleRequest(null, Object(Config\Cache), false)
 8 SYSTEMPATH\Boot.php(417): CodeIgniter\CodeIgniter->run()
 9 SYSTEMPATH\Boot.php(68): CodeIgniter\Boot::runCodeIgniter(Object(CodeIgniter\CodeIgniter))
10 FCPATH\index.php(59): CodeIgniter\Boot::bootWeb(Object(Config\Paths))
11 SYSTEMPATH\rewrite.php(44): require_once('C:\\xampp\\htdocs\\jamu-monitoring\\public\\index.php')
CRITICAL - 2026-03-08 14:49:42 --> CodeIgniter\Database\Exceptions\DatabaseException: You must set the database table to be used with your query.
[Method: GET, Route: penjualan/tambah]
in SYSTEMPATH\Database\BaseConnection.php on line 984.
 1 SYSTEMPATH\Model.php(598): CodeIgniter\Database\BaseConnection->table(null)
 2 SYSTEMPATH\Model.php(241): CodeIgniter\Model->builder()
 3 SYSTEMPATH\BaseModel.php(675): CodeIgniter\Model->doFindAll(0, 0)
 4 APPPATH\Controllers\Penjualan.php(31): CodeIgniter\BaseModel->findAll()
 5 SYSTEMPATH\CodeIgniter.php(951): App\Controllers\Penjualan->tambah()
 6 SYSTEMPATH\CodeIgniter.php(497): CodeIgniter\CodeIgniter->runController(Object(App\Controllers\Penjualan))
 7 SYSTEMPATH\CodeIgniter.php(340): CodeIgniter\CodeIgniter->handleRequest(null, Object(Config\Cache), false)
 8 SYSTEMPATH\Boot.php(417): CodeIgniter\CodeIgniter->run()
 9 SYSTEMPATH\Boot.php(68): CodeIgniter\Boot::runCodeIgniter(Object(CodeIgniter\CodeIgniter))
10 FCPATH\index.php(59): CodeIgniter\Boot::bootWeb(Object(Config\Paths))
11 SYSTEMPATH\rewrite.php(44): require_once('C:\\xampp\\htdocs\\jamu-monitoring\\public\\index.php')
